# JRE version: OpenJDK Runtime Environment (8.0_152-b02) (build 1.8.0_152-release-1024-b02)
# Java VM: OpenJDK 64-Bit Server VM (25.152-b02 mixed mode windows-amd64 compressed oops)
Heap:
 PSYoungGen      total 375296K, used 326079K [0x00000000e0000000, 0x00000000fba00000, 0x0000000100000000)
  eden space 352256K, 86% used [0x00000000e0000000,0x00000000f27f79a0,0x00000000f5800000)
  from space 23040K, 99% used [0x00000000fa380000,0x00000000fb9f8308,0x00000000fba00000)
  to   space 27136K, 0% used [0x00000000f8500000,0x00000000f8500000,0x00000000f9f80000)
 ParOldGen       total 452096K, used 37399K [0x00000000a0000000, 0x00000000bb980000, 0x00000000e0000000)
  object space 452096K, 8% used [0x00000000a0000000,0x00000000a2485f98,0x00000000bb980000)
 Metaspace       used 79803K, capacity 84518K, committed 84568K, reserved 1122304K
  class space    used 10714K, capacity 11622K, committed 11648K, reserved 1048576K
GC Heap History (10 events):
Event: 8.625 GC heap before
{Heap before GC invocations=7 (full 2):
 PSYoungGen      total 203264K, used 187904K [0x00000000e0000000, 0x00000000ee180000, 0x0000000100000000)
  eden space 187904K, 100% used [0x00000000e0000000,0x00000000eb780000,0x00000000eb780000)
  from space 15360K, 0% used [0x00000000ed280000,0x00000000ed280000,0x00000000ee180000)
  to   space 21504K, 0% used [0x00000000eb780000,0x00000000eb780000,0x00000000ecc80000)
 ParOldGen       total 318464K, used 17137K [0x00000000a0000000, 0x00000000b3700000, 0x00000000e0000000)
  object space 318464K, 5% used [0x00000000a0000000,0x00000000a10bc6e8,0x00000000b3700000)
 Metaspace       used 43737K, capacity 44735K, committed 45016K, reserved 1087488K
  class space    used 5970K, capacity 6275K, committed 6400K, reserved 1048576K
Event: 8.639 GC heap after
Heap after GC invocations=7 (full 2):
 PSYoungGen      total 209408K, used 15399K [0x00000000e0000000, 0x00000000f2780000, 0x0000000100000000)
  eden space 187904K, 0% used [0x00000000e0000000,0x00000000e0000000,0x00000000eb780000)
  from space 21504K, 71% used [0x00000000eb780000,0x00000000ec689fc8,0x00000000ecc80000)
  to   space 15872K, 0% used [0x00000000f1800000,0x00000000f1800000,0x00000000f2780000)
 ParOldGen       total 318464K, used 17145K [0x00000000a0000000, 0x00000000b3700000, 0x00000000e0000000)
  object space 318464K, 5% used [0x00000000a0000000,0x00000000a10be6e8,0x00000000b3700000)
 Metaspace       used 43737K, capacity 44735K, committed 45016K, reserved 1087488K
  class space    used 5970K, capacity 6275K, committed 6400K, reserved 1048576K
}
Event: 11.048 GC heap before
{Heap before GC invocations=8 (full 2):
 PSYoungGen      total 209408K, used 203303K [0x00000000e0000000, 0x00000000f2780000, 0x0000000100000000)
  eden space 187904K, 100% used [0x00000000e0000000,0x00000000eb780000,0x00000000eb780000)
  from space 21504K, 71% used [0x00000000eb780000,0x00000000ec689fc8,0x00000000ecc80000)
  to   space 15872K, 0% used [0x00000000f1800000,0x00000000f1800000,0x00000000f2780000)
 ParOldGen       total 318464K, used 17145K [0x00000000a0000000, 0x00000000b3700000, 0x00000000e0000000)
  object space 318464K, 5% used [0x00000000a0000000,0x00000000a10be6e8,0x00000000b3700000)
 Metaspace       used 54803K, capacity 56505K, committed 56792K, reserved 1097728K
  class space    used 7467K, capacity 7878K, committed 7936K, reserved 1048576K
Event: 11.067 GC heap after
Heap after GC invocations=8 (full 2):
 PSYoungGen      total 282112K, used 15858K [0x00000000e0000000, 0x00000000f3180000, 0x0000000100000000)
  eden space 266240K, 0% used [0x00000000e0000000,0x00000000e0000000,0x00000000f0400000)
  from space 15872K, 99% used [0x00000000f1800000,0x00000000f277c898,0x00000000f2780000)
  to   space 20480K, 0% used [0x00000000f0400000,0x00000000f0400000,0x00000000f1800000)
 ParOldGen       total 318464K, used 23062K [0x00000000a0000000, 0x00000000b3700000, 0x00000000e0000000)
  object space 318464K, 7% used [0x00000000a0000000,0x00000000a1685b48,0x00000000b3700000)
 Metaspace       used 54803K, capacity 56505K, committed 56792K, reserved 1097728K
  class space    used 7467K, capacity 7878K, committed 7936K, reserved 1048576K
}
Event: 12.260 GC heap before
{Heap before GC invocations=9 (full 2):
 PSYoungGen      total 282112K, used 94497K [0x00000000e0000000, 0x00000000f3180000, 0x0000000100000000)
  eden space 266240K, 29% used [0x00000000e0000000,0x00000000e4ccbc28,0x00000000f0400000)
  from space 15872K, 99% used [0x00000000f1800000,0x00000000f277c898,0x00000000f2780000)
  to   space 20480K, 0% used [0x00000000f0400000,0x00000000f0400000,0x00000000f1800000)
 ParOldGen       total 318464K, used 23062K [0x00000000a0000000, 0x00000000b3700000, 0x00000000e0000000)
  object space 318464K, 7% used [0x00000000a0000000,0x00000000a1685b48,0x00000000b3700000)
 Metaspace       used 57059K, capacity 58795K, committed 58968K, reserved 1099776K
  class space    used 7777K, capacity 8211K, committed 8320K, reserved 1048576K
Event: 12.283 GC heap after
Heap after GC invocations=9 (full 2):
 PSYoungGen      total 286720K, used 20454K [0x00000000e0000000, 0x00000000fba00000, 0x0000000100000000)
  eden space 266240K, 0% used [0x00000000e0000000,0x00000000e0000000,0x00000000f0400000)
  from space 20480K, 99% used [0x00000000f0400000,0x00000000f17f9b88,0x00000000f1800000)
  to   space 23040K, 0% used [0x00000000fa380000,0x00000000fa380000,0x00000000fba00000)
 ParOldGen       total 318464K, used 23566K [0x00000000a0000000, 0x00000000b3700000, 0x00000000e0000000)
  object space 318464K, 7% used [0x00000000a0000000,0x00000000a1703920,0x00000000b3700000)
 Metaspace       used 57059K, capacity 58795K, committed 58968K, reserved 1099776K
  class space    used 7777K, capacity 8211K, committed 8320K, reserved 1048576K
}
Event: 12.283 GC heap before
{Heap before GC invocations=10 (full 3):
 PSYoungGen      total 286720K, used 20454K [0x00000000e0000000, 0x00000000fba00000, 0x0000000100000000)
  eden space 266240K, 0% used [0x00000000e0000000,0x00000000e0000000,0x00000000f0400000)
  from space 20480K, 99% used [0x00000000f0400000,0x00000000f17f9b88,0x00000000f1800000)
  to   space 23040K, 0% used [0x00000000fa380000,0x00000000fa380000,0x00000000fba00000)
 ParOldGen       total 318464K, used 23566K [0x00000000a0000000, 0x00000000b3700000, 0x00000000e0000000)
  object space 318464K, 7% used [0x00000000a0000000,0x00000000a1703920,0x00000000b3700000)
 Metaspace       used 57059K, capacity 58795K, committed 58968K, reserved 1099776K
  class space    used 7777K, capacity 8211K, committed 8320K, reserved 1048576K
Event: 12.484 GC heap after
Heap after GC invocations=10 (full 3):
 PSYoungGen      total 286720K, used 0K [0x00000000e0000000, 0x00000000fba00000, 0x0000000100000000)
  eden space 266240K, 0% used [0x00000000e0000000,0x00000000e0000000,0x00000000f0400000)
  from space 20480K, 0% used [0x00000000f0400000,0x00000000f0400000,0x00000000f1800000)
  to   space 23040K, 0% used [0x00000000fa380000,0x00000000fa380000,0x00000000fba00000)
 ParOldGen       total 452096K, used 34085K [0x00000000a0000000, 0x00000000bb980000, 0x00000000e0000000)
  object space 452096K, 7% used [0x00000000a0000000,0x00000000a2149418,0x00000000bb980000)
 Metaspace       used 57059K, capacity 58795K, committed 58968K, reserved 1099776K
  class space    used 7777K, capacity 8211K, committed 8320K, reserved 1048576K
}
Event: 23.923 GC heap before
{Heap before GC invocations=11 (full 3):
 PSYoungGen      total 286720K, used 266240K [0x00000000e0000000, 0x00000000fba00000, 0x0000000100000000)
  eden space 266240K, 100% used [0x00000000e0000000,0x00000000f0400000,0x00000000f0400000)
  from space 20480K, 0% used [0x00000000f0400000,0x00000000f0400000,0x00000000f1800000)
  to   space 23040K, 0% used [0x00000000fa380000,0x00000000fa380000,0x00000000fba00000)
 ParOldGen       total 452096K, used 34085K [0x00000000a0000000, 0x00000000bb980000, 0x00000000e0000000)
  object space 452096K, 7% used [0x00000000a0000000,0x00000000a2149418,0x00000000bb980000)
 Metaspace       used 72879K, capacity 76827K, committed 77016K, reserved 1116160K
  class space    used 9986K, capacity 10729K, committed 10752K, reserved 1048576K
Event: 23.945 GC heap after
Heap after GC invocations=11 (full 3):
 PSYoungGen      total 375296K, used 23008K [0x00000000e0000000, 0x00000000fba00000, 0x0000000100000000)
  eden space 352256K, 0% used [0x00000000e0000000,0x00000000e0000000,0x00000000f5800000)
  from space 23040K, 99% used [0x00000000fa380000,0x00000000fb9f8308,0x00000000fba00000)
  to   space 27136K, 0% used [0x00000000f8500000,0x00000000f8500000,0x00000000f9f80000)
 ParOldGen       total 452096K, used 37399K [0x00000000a0000000, 0x00000000bb980000, 0x00000000e0000000)
  object space 452096K, 8% used [0x00000000a0000000,0x00000000a2485f98,0x00000000bb980000)
 Metaspace       used 72879K, capacity 76827K, committed 77016K, reserved 1116160K
  class space    used 9986K, capacity 10729K, committed 10752K, reserved 1048576K
}

